#
# There is insufficient memory for the Java Runtime Environment to continue.
# Native memory allocation (malloc) failed to allocate 1214896 bytes for Chunk::new
# Possible reasons:
#   The system is out of physical RAM or swap space
#   In 32 bit mode, the process size limit was hit
# Possible solutions:
#   Reduce memory load on the system
#   Increase physical memory or swap space
#   Check if swap backing store is full
#   Use 64 bit Java on a 64 bit OS
#   Decrease Java heap size (-Xmx/-Xms)
#   Decrease number of Java threads
#   Decrease Java thread stack sizes (-Xss)
#   Set larger code cache with -XX:ReservedCodeCacheSize=
# This output file may be truncated or incomplete.
#
#  Out of Memory Error (allocation.cpp:390), pid=5484, tid=0x0000000000001100
#
# JRE version: OpenJDK Runtime Environment (8.0_152-b02) (build 1.8.0_152-release-1024-b02)
# Java VM: OpenJDK 64-Bit Server VM (25.152-b02 mixed mode windows-amd64 compressed oops)
# Failed to write core dump. Minidumps are not enabled by default on client versions of Windows
#

---------------  T H R E A D  ---------------

Current thread (0x00000000169f3800):  JavaThread "C2 CompilerThread1" daemon [_thread_in_native, id=4352, stack(0x0000000018770000,0x0000000018870000)]

Stack: [0x0000000018770000,0x0000000018870000]
[error occurred during error reporting (printing stack bounds), id 0xc0000005]

Native frames: (J=compiled Java code, j=interpreted, Vv=VM code, C=native code)


Current CompileTask:
C2: 546405 13714       4       com.android.utils.PositionXmlParser::getPositionHelper (757 bytes)


---------------  P R O C E S S  ---------------

Java Threads: ( => current thread )
  0x000000001d62a800 JavaThread "stdout" daemon [_thread_in_native, id=1272, stack(0x00000000282e0000,0x00000000283e0000)]
  0x000000001d622800 JavaThread "stderr" daemon [_thread_in_native, id=7212, stack(0x00000000281e0000,0x00000000282e0000)]
  0x000000001d621800 JavaThread "stdout" daemon [_thread_in_native, id=7628, stack(0x00000000280e0000,0x00000000281e0000)]
  0x000000001d623000 JavaThread "stderr" daemon [_thread_in_native, id=484, stack(0x0000000027fe0000,0x00000000280e0000)]
  0x000000001d624800 JavaThread "stdout" daemon [_thread_in_native, id=2248, stack(0x0000000027ce0000,0x0000000027de0000)]
  0x000000001d621000 JavaThread "stderr" daemon [_thread_in_native, id=7652, stack(0x0000000027be0000,0x0000000027ce0000)]
  0x000000001d624000 JavaThread "stdout" daemon [_thread_in_native, id=6400, stack(0x0000000027ae0000,0x0000000027be0000)]
  0x000000001d620000 JavaThread "stderr" daemon [_thread_in_native, id=5476, stack(0x00000000279e0000,0x0000000027ae0000)]
  0x000000001bf1b800 JavaThread "queued-resource-processor_36" daemon [_thread_blocked, id=7156, stack(0x00000000276e0000,0x00000000277e0000)]
  0x000000001bf18800 JavaThread "queued-resource-processor_35" daemon [_thread_blocked, id=4756, stack(0x00000000275e0000,0x00000000276e0000)]
  0x000000001d733000 JavaThread "queued-resource-processor_34" daemon [_thread_blocked, id=8088, stack(0x00000000274e0000,0x00000000275e0000)]
  0x000000001d732800 JavaThread "queued-resource-processor_33" daemon [_thread_blocked, id=4908, stack(0x00000000273e0000,0x00000000274e0000)]
  0x000000001d735800 JavaThread "queued-resource-processor_32" daemon [_thread_blocked, id=664, stack(0x00000000272e0000,0x00000000273e0000)]
  0x000000001d731800 JavaThread "queued-resource-processor_31" daemon [_thread_blocked, id=2820, stack(0x0000000027150000,0x0000000027250000)]
  0x000000001d734000 JavaThread "Java2D Disposer" daemon [_thread_blocked, id=3920, stack(0x0000000027050000,0x0000000027150000)]
  0x000000001d736000 JavaThread "Worker Daemon Execution Thread 27" [_thread_blocked, id=6012, stack(0x0000000026d50000,0x0000000026e50000)]
  0x000000001d72a000 JavaThread "Worker Daemon Execution Thread 26" [_thread_blocked, id=3556, stack(0x0000000026c50000,0x0000000026d50000)]
  0x000000001d731000 JavaThread "Worker Daemon Execution Thread 25" [_thread_blocked, id=4224, stack(0x0000000026b50000,0x0000000026c50000)]
  0x000000001d730000 JavaThread "Worker Daemon Execution Thread 24" [_thread_blocked, id=7764, stack(0x0000000026a50000,0x0000000026b50000)]
  0x000000001d72f800 JavaThread "Worker Daemon Execution Thread 23" [_thread_blocked, id=3060, stack(0x0000000026850000,0x0000000026950000)]
  0x000000001d72e800 JavaThread "Worker Daemon Execution Thread 22" [_thread_blocked, id=4504, stack(0x0000000026750000,0x0000000026850000)]
  0x000000001d727000 JavaThread "Worker Daemon Execution Thread 21" [_thread_blocked, id=5548, stack(0x0000000026650000,0x0000000026750000)]
  0x000000001d72d000 JavaThread "Worker Daemon Execution Thread 20" [_thread_blocked, id=5412, stack(0x0000000026400000,0x0000000026500000)]
  0x000000001d728000 JavaThread "Worker Daemon Execution Thread 19" [_thread_blocked, id=7288, stack(0x0000000026550000,0x0000000026650000)]
  0x000000001d729800 JavaThread "Worker Daemon Execution Thread 18" [_thread_blocked, id=6364, stack(0x0000000026300000,0x0000000026400000)]
  0x000000001d72c800 JavaThread "Worker Daemon Execution Thread 17" [_thread_blocked, id=6672, stack(0x0000000026200000,0x0000000026300000)]
  0x000000001d728800 JavaThread "Worker Daemon Execution Thread 16" [_thread_blocked, id=3104, stack(0x0000000026100000,0x0000000026200000)]
  0x000000001d72e000 JavaThread "Worker Daemon Execution Thread 15" [_thread_blocked, id=3680, stack(0x0000000026000000,0x0000000026100000)]
  0x000000001d72b000 JavaThread "Worker Daemon Execution Thread 14" [_thread_blocked, id=3516, stack(0x0000000025f00000,0x0000000026000000)]
  0x000000001d72b800 JavaThread "Worker Daemon Execution Thread 13" [_thread_blocked, id=220, stack(0x0000000025e00000,0x0000000025f00000)]
  0x000000001bcbe000 JavaThread "Worker Daemon Execution Thread 12" [_thread_blocked, id=3776, stack(0x0000000025d00000,0x0000000025e00000)]
  0x000000001bcbf000 JavaThread "Worker Daemon Execution Thread 11" [_thread_blocked, id=1872, stack(0x0000000025c00000,0x0000000025d00000)]
  0x000000001bcbd800 JavaThread "Worker Daemon Execution Thread 10" [_thread_blocked, id=7260, stack(0x0000000025b00000,0x0000000025c00000)]
  0x000000001bf1c800 JavaThread "Worker Daemon Execution Thread 9" [_thread_blocked, id=6992, stack(0x0000000025a00000,0x0000000025b00000)]
  0x000000001bf23000 JavaThread "Worker Daemon Execution Thread 8" [_thread_blocked, id=7020, stack(0x0000000025900000,0x0000000025a00000)]
  0x000000001bf22800 JavaThread "Worker Daemon Execution Thread 7" [_thread_blocked, id=2904, stack(0x0000000025800000,0x0000000025900000)]
  0x000000001bf21800 JavaThread "Worker Daemon Execution Thread 6" [_thread_blocked, id=840, stack(0x0000000025700000,0x0000000025800000)]
  0x000000001bf21000 JavaThread "Worker Daemon Execution Thread 5" [_thread_blocked, id=7232, stack(0x0000000025600000,0x0000000025700000)]
  0x000000001bf1f800 JavaThread "Worker Daemon Execution Thread 4" [_thread_blocked, id=7496, stack(0x0000000025500000,0x0000000025600000)]
  0x000000001bf1d000 JavaThread "Worker Daemon Execution Thread 3" [_thread_blocked, id=6704, stack(0x0000000025400000,0x0000000025500000)]
  0x000000001bf1e800 JavaThread "Worker Daemon Execution Thread 2" [_thread_blocked, id=7684, stack(0x0000000025300000,0x0000000025400000)]
  0x000000001bf1e000 JavaThread "Worker Daemon Execution" [_thread_blocked, id=5092, stack(0x0000000025200000,0x0000000025300000)]
  0x000000001bf17000 JavaThread "Task worker for ':' Thread 5" [_thread_blocked, id=2252, stack(0x0000000025100000,0x0000000025200000)]
  0x000000001bf16800 JavaThread "Task worker for ':' Thread 4" [_thread_blocked, id=7640, stack(0x0000000025000000,0x0000000025100000)]
  0x000000001c45b000 JavaThread "Task worker for ':' Thread 3" [_thread_blocked, id=6612, stack(0x0000000024f00000,0x0000000025000000)]
  0x000000001c45a000 JavaThread "Task worker for ':' Thread 2" [_thread_blocked, id=7056, stack(0x0000000024e00000,0x0000000024f00000)]
  0x000000001c461000 JavaThread "Task worker for ':'" [_thread_blocked, id=800, stack(0x0000000024d00000,0x0000000024e00000)]
  0x000000001c459800 JavaThread "Cache worker for Build Output Cleanup Cache (D:\CardMaxU\.gradle\buildOutputCleanup)" [_thread_blocked, id=1080, stack(0x0000000024c00000,0x0000000024d00000)]
  0x000000001c460000 JavaThread "Cache worker for task history cache (D:\CardMaxU\.gradle\4.4\taskHistory)" [_thread_blocked, id=5032, stack(0x0000000024b00000,0x0000000024c00000)]
  0x000000001c45f800 JavaThread "build operations Thread 6" [_thread_blocked, id=5856, stack(0x000000001fe20000,0x000000001ff20000)]
  0x000000001c45e800 JavaThread "build operations Thread 5" [_thread_blocked, id=6856, stack(0x000000001fd20000,0x000000001fe20000)]
  0x000000001c45d000 JavaThread "build operations Thread 4" [_thread_blocked, id=4216, stack(0x000000001fc20000,0x000000001fd20000)]
  0x000000001c45e000 JavaThread "build operations Thread 3" [_thread_blocked, id=3844, stack(0x000000001fb20000,0x000000001fc20000)]
  0x000000001c45c800 JavaThread "build operations Thread 2" [_thread_blocked, id=5552, stack(0x000000001f7f0000,0x000000001f8f0000)]
  0x000000001c451800 JavaThread "build operations" [_thread_blocked, id=3656, stack(0x000000001f2f0000,0x000000001f3f0000)]
  0x000000001c458800 JavaThread "Cache worker for Artifact transforms cache (C:\Users\guard\.gradle\caches\transforms-1)" [_thread_blocked, id=5304, stack(0x000000001cb50000,0x000000001cc50000)]
  0x000000001c458000 JavaThread "Cache worker for file hash cache (D:\CardMaxU\.gradle\4.4\fileHashes)" [_thread_blocked, id=2424, stack(0x000000001b680000,0x000000001b780000)]
  0x000000001c456800 JavaThread "Stdin handler" [_thread_blocked, id=2964, stack(0x000000001b580000,0x000000001b680000)]
  0x000000001c455800 JavaThread "Asynchronous log dispatcher for DefaultDaemonConnection: socket connection from /127.0.0.1:51277 to /127.0.0.1:51345" [_thread_blocked, id=1592, stack(0x000000001b480000,0x000000001b580000)]
  0x000000001c454000 JavaThread "Cancel handler" [_thread_blocked, id=4508, stack(0x0000000001290000,0x0000000001390000)]
  0x000000001c455000 JavaThread "Handler for socket connection from /127.0.0.1:51277 to /127.0.0.1:51345" [_thread_in_native, id=5096, stack(0x0000000001190000,0x0000000001290000)]
  0x000000001c453000 JavaThread "Daemon worker Thread 2" [_thread_blocked, id=1824, stack(0x000000001af80000,0x000000001b080000)]
  0x000000001c452800 JavaThread "Daemon Thread 2" [_thread_blocked, id=6776, stack(0x0000000000f60000,0x0000000001060000)]
  0x000000001bf14000 JavaThread "Memory manager" [_thread_blocked, id=2132, stack(0x0000000020620000,0x0000000020720000)]
  0x0000000019f9e800 JavaThread "File lock request listener" [_thread_in_native, id=5388, stack(0x000000001ba80000,0x000000001bb80000)]
  0x000000001a34e800 JavaThread "Cache worker for file hash cache (C:\Users\guard\.gradle\caches\4.4\fileHashes)" [_thread_blocked, id=2372, stack(0x000000001b980000,0x000000001ba80000)]
  0x0000000019d4e800 JavaThread "Daemon periodic checks" [_thread_blocked, id=5516, stack(0x000000001ae80000,0x000000001af80000)]
  0x0000000019ec4000 JavaThread "Incoming local TCP Connector on port 51277" [_thread_in_native, id=4628, stack(0x000000001ac80000,0x000000001ad80000)]
  0x00000000189e3800 JavaThread "Service Thread" daemon [_thread_blocked, id=6576, stack(0x0000000018d70000,0x0000000018e70000)]
  0x00000000169f5000 JavaThread "C1 CompilerThread2" daemon [_thread_blocked, id=5936, stack(0x0000000018870000,0x0000000018970000)]
=>0x00000000169f3800 JavaThread "C2 CompilerThread1" daemon [_thread_in_native, id=4352, stack(0x0000000018770000,0x0000000018870000)]
  0x00000000169f1000 JavaThread "C2 CompilerThread0" daemon [_thread_in_native, id=7356, stack(0x0000000018670000,0x0000000018770000)]
  0x00000000169fa800 JavaThread "Attach Listener" daemon [_thread_blocked, id=6832, stack(0x0000000018570000,0x0000000018670000)]
  0x00000000169f9800 JavaThread "Signal Dispatcher" daemon [_thread_blocked, id=7304, stack(0x0000000018470000,0x0000000018570000)]
  0x0000000002e1e000 JavaThread "Finalizer" daemon [_thread_blocked, id=864, stack(0x0000000018270000,0x0000000018370000)]
  0x0000000002e15000 JavaThread "Reference Handler" daemon [_thread_blocked, id=1240, stack(0x0000000018170000,0x0000000018270000)]
  0x0000000002c0e000 JavaThread "main" [_thread_blocked, id=7768, stack(0x0000000002c20000,0x0000000002d20000)]

Other Threads:
  0x00000000169b6000 VMThread [stack: 0x0000000018070000,0x0000000018170000] [id=2004]
  0x0000000016a0e800 WatcherThread [stack: 0x0000000018e70000,0x0000000018f70000] [id=2128]

VM state:not at safepoint (normal execution)

VM Mutex/Monitor currently owned by a thread: None

Heap:
 PSYoungGen      total 345088K, used 108491K [0x00000000e0000000, 0x00000000f6b00000, 0x0000000100000000)
  eden space 320512K, 26% used [0x00000000e0000000,0x00000000e51f35a0,0x00000000f3900000)
  from space 24576K, 99% used [0x00000000f3b00000,0x00000000f52ff860,0x00000000f5300000)
  to   space 17408K, 0% used [0x00000000f5a00000,0x00000000f5a00000,0x00000000f6b00000)
 ParOldGen       total 104960K, used 53087K [0x00000000a0000000, 0x00000000a6680000, 0x00000000e0000000)
  object space 104960K, 50% used [0x00000000a0000000,0x00000000a33d7da0,0x00000000a6680000)
 Metaspace       used 76289K, capacity 79620K, committed 79792K, reserved 1118208K
  class space    used 9911K, capacity 10645K, committed 10672K, reserved 1048576K

Card table byte_map: [0x00000000121e0000,0x00000000124f0000] byte_map_base: 0x0000000011ce0000

Marking Bits: (ParMarkBitMap*) 0x00000000527c4970
 Begin Bits: [0x0000000012cf0000, 0x00000000144f0000)
 End Bits:   [0x00000000144f0000, 0x0000000015cf0000)

Polling page: 0x0000000002bc0000

CodeCache: size=245760Kb used=38418Kb max_used=38675Kb free=207341Kb
 bounds [0x0000000002e20000, 0x0000000005430000, 0x0000000011e20000]
 total_blobs=12323 nmethods=11375 adapters=861
 compilation: enabled

Compilation events (10 events):
Event: 546.169 Thread 0x00000000169f5000 13732       3       java.lang.Thread::setPriority (56 bytes)
Event: 546.170 Thread 0x00000000169f5000 nmethod 13732 0x0000000004034950 code [0x0000000004034b00, 0x0000000004035228]
Event: 546.170 Thread 0x00000000169f5000 13734       3       java.lang.Thread::init (11 bytes)
Event: 546.170 Thread 0x00000000169f5000 nmethod 13734 0x0000000004034590 code [0x0000000004034700, 0x0000000004034888]
Event: 546.170 Thread 0x00000000169f5000 13735       3       java.lang.Thread::init (209 bytes)
Event: 546.173 Thread 0x00000000169f5000 nmethod 13735 0x0000000004f1bf10 code [0x0000000004f1c260, 0x0000000004f1e348]
Event: 546.197 Thread 0x00000000169f5000 13736   !   3       java.lang.ThreadGroup::add (110 bytes)
Event: 546.197 Thread 0x00000000169f5000 nmethod 13736 0x0000000004e19510 code [0x0000000004e196e0, 0x0000000004e19f98]
Event: 546.307 Thread 0x00000000169f5000 13738       3       com.google.common.collect.FluentIterable::<init> (12 bytes)
Event: 546.307 Thread 0x00000000169f5000 nmethod 13738 0x0000000004e19010 code [0x0000000004e19180, 0x0000000004e19410]

GC Heap History (10 events):
Event: 61.689 GC heap before
{Heap before GC invocations=16 (full 3):
 PSYoungGen      total 224768K, used 199168K [0x00000000e0000000, 0x00000000ef900000, 0x0000000100000000)
  eden space 199168K, 100% used [0x00000000e0000000,0x00000000ec280000,0x00000000ec280000)
  from space 25600K, 0% used [0x00000000edc80000,0x00000000edc80000,0x00000000ef580000)
  to   space 26624K, 0% used [0x00000000ec280000,0x00000000ec280000,0x00000000edc80000)
 ParOldGen       total 104960K, used 43944K [0x00000000a0000000, 0x00000000a6680000, 0x00000000e0000000)
  object space 104960K, 41% used [0x00000000a0000000,0x00000000a2aea180,0x00000000a6680000)
 Metaspace       used 63118K, capacity 65694K, committed 65968K, reserved 1105920K
  class space    used 8445K, capacity 9068K, committed 9136K, reserved 1048576K
Event: 61.708 GC heap after
Heap after GC invocations=16 (full 3):
 PSYoungGen      total 225792K, used 11654K [0x00000000e0000000, 0x00000000f1d00000, 0x0000000100000000)
  eden space 199168K, 0% used [0x00000000e0000000,0x00000000e0000000,0x00000000ec280000)
  from space 26624K, 43% used [0x00000000ec280000,0x00000000ecde1b28,0x00000000edc80000)
  to   space 25088K, 0% used [0x00000000f0480000,0x00000000f0480000,0x00000000f1d00000)
 ParOldGen       total 104960K, used 43952K [0x00000000a0000000, 0x00000000a6680000, 0x00000000e0000000)
  object space 104960K, 41% used [0x00000000a0000000,0x00000000a2aec180,0x00000000a6680000)
 Metaspace       used 63118K, capacity 65694K, committed 65968K, reserved 1105920K
  class space    used 8445K, capacity 9068K, committed 9136K, reserved 1048576K
}
Event: 65.433 GC heap before
{Heap before GC invocations=17 (full 3):
 PSYoungGen      total 225792K, used 210428K [0x00000000e0000000, 0x00000000f1d00000, 0x0000000100000000)
  eden space 199168K, 99% used [0x00000000e0000000,0x00000000ec21d688,0x00000000ec280000)
  from space 26624K, 43% used [0x00000000ec280000,0x00000000ecde1b28,0x00000000edc80000)
  to   space 25088K, 0% used [0x00000000f0480000,0x00000000f0480000,0x00000000f1d00000)
 ParOldGen       total 104960K, used 43952K [0x00000000a0000000, 0x00000000a6680000, 0x00000000e0000000)
  object space 104960K, 41% used [0x00000000a0000000,0x00000000a2aec180,0x00000000a6680000)
 Metaspace       used 65039K, capacity 67772K, committed 68016K, reserved 1107968K
  class space    used 8692K, capacity 9329K, committed 9392K, reserved 1048576K
Event: 65.452 GC heap after
Heap after GC invocations=17 (full 3):
 PSYoungGen      total 257536K, used 15132K [0x00000000e0000000, 0x00000000f1880000, 0x0000000100000000)
  eden space 237056K, 0% used [0x00000000e0000000,0x00000000e0000000,0x00000000ee780000)
  from space 20480K, 73% used [0x00000000f0480000,0x00000000f1347300,0x00000000f1880000)
  to   space 25088K, 0% used [0x00000000ee780000,0x00000000ee780000,0x00000000f0000000)
 ParOldGen       total 104960K, used 43960K [0x00000000a0000000, 0x00000000a6680000, 0x00000000e0000000)
  object space 104960K, 41% used [0x00000000a0000000,0x00000000a2aee180,0x00000000a6680000)
 Metaspace       used 65039K, capacity 67772K, committed 68016K, reserved 1107968K
  class space    used 8692K, capacity 9329K, committed 9392K, reserved 1048576K
}
Event: 65.520 GC heap before
{Heap before GC invocations=18 (full 3):
 PSYoungGen      total 257536K, used 251543K [0x00000000e0000000, 0x00000000f1880000, 0x0000000100000000)
  eden space 237056K, 99% used [0x00000000e0000000,0x00000000ee6dec08,0x00000000ee780000)
  from space 20480K, 73% used [0x00000000f0480000,0x00000000f1347300,0x00000000f1880000)
  to   space 25088K, 0% used [0x00000000ee780000,0x00000000ee780000,0x00000000f0000000)
 ParOldGen       total 104960K, used 43960K [0x00000000a0000000, 0x00000000a6680000, 0x00000000e0000000)
  object space 104960K, 41% used [0x00000000a0000000,0x00000000a2aee180,0x00000000a6680000)
 Metaspace       used 65053K, capacity 67772K, committed 68016K, reserved 1107968K
  class space    used 8692K, capacity 9329K, committed 9392K, reserved 1048576K
Event: 65.532 GC heap after
Heap after GC invocations=18 (full 3):
 PSYoungGen      total 262144K, used 9959K [0x00000000e0000000, 0x00000000f7180000, 0x0000000100000000)
  eden space 237056K, 0% used [0x00000000e0000000,0x00000000e0000000,0x00000000ee780000)
  from space 25088K, 39% used [0x00000000ee780000,0x00000000ef139d10,0x00000000f0000000)
  to   space 24064K, 0% used [0x00000000f5a00000,0x00000000f5a00000,0x00000000f7180000)
 ParOldGen       total 104960K, used 43968K [0x00000000a0000000, 0x00000000a6680000, 0x00000000e0000000)
  object space 104960K, 41% used [0x00000000a0000000,0x00000000a2af0180,0x00000000a6680000)
 Metaspace       used 65053K, capacity 67772K, committed 68016K, reserved 1107968K
  class space    used 8692K, capacity 9329K, committed 9392K, reserved 1048576K
}
Event: 526.617 GC heap before
{Heap before GC invocations=19 (full 3):
 PSYoungGen      total 262144K, used 247015K [0x00000000e0000000, 0x00000000f7180000, 0x0000000100000000)
  eden space 237056K, 100% used [0x00000000e0000000,0x00000000ee780000,0x00000000ee780000)
  from space 25088K, 39% used [0x00000000ee780000,0x00000000ef139d10,0x00000000f0000000)
  to   space 24064K, 0% used [0x00000000f5a00000,0x00000000f5a00000,0x00000000f7180000)
 ParOldGen       total 104960K, used 43968K [0x00000000a0000000, 0x00000000a6680000, 0x00000000e0000000)
  object space 104960K, 41% used [0x00000000a0000000,0x00000000a2af0180,0x00000000a6680000)
 Metaspace       used 69424K, capacity 72514K, committed 72752K, reserved 1112064K
  class space    used 9195K, capacity 9954K, committed 10032K, reserved 1048576K
Event: 526.640 GC heap after
Heap after GC invocations=19 (full 3):
 PSYoungGen      total 337920K, used 16898K [0x00000000e0000000, 0x00000000f6b00000, 0x0000000100000000)
  eden space 320512K, 0% used [0x00000000e0000000,0x00000000e0000000,0x00000000f3900000)
  from space 17408K, 97% used [0x00000000f5a00000,0x00000000f6a80970,0x00000000f6b00000)
  to   space 24576K, 0% used [0x00000000f3b00000,0x00000000f3b00000,0x00000000f5300000)
 ParOldGen       total 104960K, used 43976K [0x00000000a0000000, 0x00000000a6680000, 0x00000000e0000000)
  object space 104960K, 41% used [0x00000000a0000000,0x00000000a2af2180,0x00000000a6680000)
 Metaspace       used 69424K, capacity 72514K, committed 72752K, reserved 1112064K
  class space    used 9195K, capacity 9954K, committed 10032K, reserved 1048576K
}
Event: 541.291 GC heap before
{Heap before GC invocations=20 (full 3):
 PSYoungGen      total 337920K, used 337410K [0x00000000e0000000, 0x00000000f6b00000, 0x0000000100000000)
  eden space 320512K, 100% used [0x00000000e0000000,0x00000000f3900000,0x00000000f3900000)
  from space 17408K, 97% used [0x00000000f5a00000,0x00000000f6a80970,0x00000000f6b00000)
  to   space 24576K, 0% used [0x00000000f3b00000,0x00000000f3b00000,0x00000000f5300000)
 ParOldGen       total 104960K, used 43976K [0x00000000a0000000, 0x00000000a6680000, 0x00000000e0000000)
  object space 104960K, 41% used [0x00000000a0000000,0x00000000a2af2180,0x00000000a6680000)
 Metaspace       used 76090K, capacity 79396K, committed 79536K, reserved 1118208K
  class space    used 9903K, capacity 10641K, committed 10672K, reserved 1048576K
Event: 541.341 GC heap after
Heap after GC invocations=20 (full 3):
 PSYoungGen      total 345088K, used 24574K [0x00000000e0000000, 0x00000000f6b00000, 0x0000000100000000)
  eden space 320512K, 0% used [0x00000000e0000000,0x00000000e0000000,0x00000000f3900000)
  from space 24576K, 99% used [0x00000000f3b00000,0x00000000f52ff860,0x00000000f5300000)
  to   space 17408K, 0% used [0x00000000f5a00000,0x00000000f5a00000,0x00000000f6b00000)
 ParOldGen       total 104960K, used 53087K [0x00000000a0000000, 0x00000000a6680000, 0x00000000e0000000)
  object space 104960K, 50% used [0x00000000a0000000,0x00000000a33d7da0,0x00000000a6680000)
 Metaspace       used 76090K, capacity 79396K, committed 79536K, reserved 1118208K
  class space    used 9903K, capacity 10641K, committed 10672K, reserved 1048576K
}

Deoptimization events (10 events):
Event: 545.534 Thread 0x000000001d732800 Uncommon trap: reason=class_check action=maybe_recompile pc=0x0000000004802f24 method=org.gradle.internal.logging.sink.OutputEventRenderer$4.onOutput(Lorg/gradle/internal/logging/events/OutputEvent;)V @ 11
Event: 545.534 Thread 0x000000001d732800 Uncommon trap: reason=class_check action=maybe_recompile pc=0x0000000004802f24 method=org.gradle.internal.logging.sink.OutputEventRenderer$4.onOutput(Lorg/gradle/internal/logging/events/OutputEvent;)V @ 11
Event: 545.534 Thread 0x000000001d732800 Uncommon trap: reason=class_check action=maybe_recompile pc=0x0000000004802f24 method=org.gradle.internal.logging.sink.OutputEventRenderer$4.onOutput(Lorg/gradle/internal/logging/events/OutputEvent;)V @ 11
Event: 545.853 Thread 0x000000001c461000 Uncommon trap: reason=class_check action=maybe_recompile pc=0x0000000004d5f118 method=com.sun.org.apache.xerces.internal.dom.AttrImpl.getOwnerElement()Lorg/w3c/dom/Element; @ 18
Event: 545.969 Thread 0x000000001c461000 Uncommon trap: reason=class_check action=maybe_recompile pc=0x0000000004d5f118 method=com.sun.org.apache.xerces.internal.dom.AttrImpl.getOwnerElement()Lorg/w3c/dom/Element; @ 18
Event: 545.969 Thread 0x000000001c461000 Uncommon trap: reason=null_check action=make_not_entrant pc=0x000000000522f8f0 method=com.sun.org.apache.xerces.internal.dom.NamedNodeMapImpl.findNamePoint(Ljava/lang/String;Ljava/lang/String;)I @ 105
Event: 545.969 Thread 0x000000001c461000 Uncommon trap: reason=unstable_if action=reinterpret pc=0x0000000004d6a414 method=com.sun.org.apache.xerces.internal.dom.ParentNode.internalInsertBefore(Lorg/w3c/dom/Node;Lorg/w3c/dom/Node;Z)Lorg/w3c/dom/Node; @ 572
Event: 545.970 Thread 0x000000001c461000 Uncommon trap: reason=unstable_if action=reinterpret pc=0x0000000004d5f0c0 method=com.sun.org.apache.xerces.internal.dom.AttrImpl.setValue(Ljava/lang/String;)V @ 74
Event: 545.982 Thread 0x000000001c461000 Uncommon trap: reason=unstable_if action=reinterpret pc=0x000000000516a0c4 method=com.google.gson.stream.JsonWriter.newline()V @ 4
Event: 545.982 Thread 0x000000001c461000 Uncommon trap: reason=unstable_if action=reinterpret pc=0x000000000516c9d8 method=com.google.gson.stream.JsonWriter.string(Ljava/lang/String;)V @ 4

Classes redefined (0 events):
No events

Internal exceptions (10 events):
Event: 539.996 Thread 0x000000001bf21000 Exception <a 'java/io/FileNotFoundException'> (0x00000000ee687150) thrown at [D:\src\AOSP-openjdk-cygwin\jdk8u\hotspot\src\share\vm\prims\jni.cpp, line 709]
Event: 540.018 Thread 0x000000001bf21000 Exception <a 'java/lang/ClassNotFoundException': sun/dc/DuctusRenderingEngine> (0x00000000f1b7cef8) thrown at [D:\src\AOSP-openjdk-cygwin\jdk8u\hotspot\src\share\vm\classfile\systemDictionary.cpp, line 210]
Event: 540.047 Thread 0x000000001bf21000 Exception <a 'java/io/FileNotFoundException'> (0x00000000f1b927f8) thrown at [D:\src\AOSP-openjdk-cygwin\jdk8u\hotspot\src\share\vm\prims\jni.cpp, line 709]
Event: 541.402 Thread 0x000000001c461000 Implicit null exception at 0x0000000003c06ad7 to 0x0000000003c06dfd
Event: 543.399 Thread 0x000000001c461000 Implicit null exception at 0x00000000053e10bf to 0x00000000053df6c9
Event: 543.399 Thread 0x000000001c461000 Implicit null exception at 0x00000000053e10bf to 0x00000000053df6c9
Event: 543.411 Thread 0x000000001c461000 Implicit null exception at 0x00000000053e10bf to 0x00000000053df6c9
Event: 545.969 Thread 0x000000001c461000 Implicit null exception at 0x000000000522f562 to 0x000000000522f8dd
Event: 546.034 Thread 0x000000001c461000 Exception <a 'sun/nio/fs/WindowsException'> (0x00000000e495f328) thrown at [D:\src\AOSP-openjdk-cygwin\jdk8u\hotspot\src\share\vm\prims\jni.cpp, line 709]
Event: 546.054 Thread 0x000000001c45c800 Exception <a 'sun/nio/fs/WindowsException'> (0x00000000e4236330) thrown at [D:\src\AOSP-openjdk-cygwin\jdk8u\hotspot\src\share\vm\prims\jni.cpp, line 709]

Events (10 events):
Event: 546.267 Executing VM operation: RevokeBias
Event: 546.267 Executing VM operation: RevokeBias done
Event: 546.267 Thread 0x000000001d61f800 Thread exited: 0x000000001d61f800
Event: 546.286 Executing VM operation: RevokeBias
Event: 546.286 Executing VM operation: RevokeBias done
Event: 546.308 Thread 0x00000000169f5000 flushing nmethod 0x0000000002f6ee10
Event: 546.308 Thread 0x00000000169f5000 flushing nmethod 0x0000000002f6f850
Event: 546.308 Thread 0x00000000169f5000 flushing nmethod 0x0000000002f97b10
Event: 546.308 Thread 0x00000000169f5000 flushing nmethod 0x0000000003044810
Event: 546.308 Thread 0x00000000169f5000 flushing nmethod 0x0000000003050810


Dynamic libraries:
0x00007ff641e30000 - 0x00007ff641e61000 	D:\Program Files\Android\Android Studio\jre\bin\java.exe
0x00007ffbb1970000 - 0x00007ffbb1b31000 	C:\WINDOWS\SYSTEM32\ntdll.dll
0x00007ffbb1500000 - 0x00007ffbb15ad000 	C:\WINDOWS\system32\KERNEL32.DLL
0x00007ffbaebe0000 - 0x00007ffbaedbd000 	C:\WINDOWS\system32\KERNELBASE.dll
0x00007ffbaf4e0000 - 0x00007ffbaf586000 	C:\WINDOWS\system32\ADVAPI32.dll
0x00007ffbaf380000 - 0x00007ffbaf41d000 	C:\WINDOWS\system32\msvcrt.dll
0x00007ffbb12b0000 - 0x00007ffbb130b000 	C:\WINDOWS\system32\sechost.dll
0x00007ffbb1840000 - 0x00007ffbb1966000 	C:\WINDOWS\system32\RPCRT4.dll
0x00007ffbb0cb0000 - 0x00007ffbb0dfe000 	C:\WINDOWS\system32\USER32.dll
0x00007ffbaf1f0000 - 0x00007ffbaf376000 	C:\WINDOWS\system32\GDI32.dll
0x00007ffba3960000 - 0x00007ffba3bd4000 	C:\WINDOWS\WinSxS\amd64_microsoft.windows.common-controls_6595b64144ccf1df_6.0.10240.16384_none_f41f7b285750ef43\COMCTL32.dll
0x00007ffbaf740000 - 0x00007ffbaf776000 	C:\WINDOWS\system32\IMM32.DLL
0x00007ffbb0ed0000 - 0x00007ffbb102c000 	C:\WINDOWS\system32\MSCTF.dll
0x0000000051f20000 - 0x0000000051ff2000 	D:\Program Files\Android\Android Studio\jre\jre\bin\msvcr100.dll
0x0000000052000000 - 0x000000005283f000 	D:\Program Files\Android\Android Studio\jre\jre\bin\server\jvm.dll
0x00007ffbb14f0000 - 0x00007ffbb14f8000 	C:\WINDOWS\system32\PSAPI.DLL
0x00007ffbab240000 - 0x00007ffbab24a000 	C:\WINDOWS\SYSTEM32\VERSION.dll
0x00007ffba4380000 - 0x00007ffba4389000 	C:\WINDOWS\SYSTEM32\WSOCK32.dll
0x00007ffbac910000 - 0x00007ffbac933000 	C:\WINDOWS\SYSTEM32\WINMM.dll
0x00007ffbb1690000 - 0x00007ffbb16f9000 	C:\WINDOWS\system32\WS2_32.dll
0x00007ffbb1310000 - 0x00007ffbb1318000 	C:\WINDOWS\system32\NSI.dll
0x00007ffbac5d0000 - 0x00007ffbac5fc000 	C:\WINDOWS\SYSTEM32\WINMMBASE.dll
0x00007ffbaeb90000 - 0x00007ffbaebd4000 	C:\WINDOWS\system32\cfgmgr32.dll
0x00007ffbacd10000 - 0x00007ffbacd37000 	C:\WINDOWS\SYSTEM32\DEVOBJ.dll
0x00007ffba4a50000 - 0x00007ffba4a5f000 	D:\Program Files\Android\Android Studio\jre\jre\bin\verify.dll
0x00007ffba3390000 - 0x00007ffba33b9000 	D:\Program Files\Android\Android Studio\jre\jre\bin\java.dll
0x00007ffba3140000 - 0x00007ffba3156000 	D:\Program Files\Android\Android Studio\jre\jre\bin\zip.dll
0x00007ffbaf780000 - 0x00007ffbb0ca2000 	C:\WINDOWS\system32\SHELL32.dll
0x00007ffbae560000 - 0x00007ffbaeb88000 	C:\WINDOWS\system32\windows.storage.dll
0x00007ffbb1030000 - 0x00007ffbb12ac000 	C:\WINDOWS\system32\combase.dll
0x00007ffbb1700000 - 0x00007ffbb1751000 	C:\WINDOWS\system32\shlwapi.dll
0x00007ffbae410000 - 0x00007ffbae41f000 	C:\WINDOWS\system32\kernel.appcore.dll
0x00007ffbae4a0000 - 0x00007ffbae553000 	C:\WINDOWS\system32\shcore.dll
0x00007ffbae3a0000 - 0x00007ffbae3ea000 	C:\WINDOWS\system32\powrprof.dll
0x00007ffbae3f0000 - 0x00007ffbae403000 	C:\WINDOWS\system32\profapi.dll
0x00007ffba30a0000 - 0x00007ffba30ba000 	D:\Program Files\Android\Android Studio\jre\jre\bin\net.dll
0x00007ffbadbb0000 - 0x00007ffbadc0d000 	C:\WINDOWS\system32\mswsock.dll
0x00007ffba3120000 - 0x00007ffba3131000 	D:\Program Files\Android\Android Studio\jre\jre\bin\nio.dll
0x00007ffba2de0000 - 0x00007ffba2dfe000 	C:\Users\guard\.gradle\native\25\windows-amd64\native-platform.dll
0x00007ffba4e70000 - 0x00007ffba4e7d000 	D:\Program Files\Android\Android Studio\jre\jre\bin\management.dll
0x00007ffbadc10000 - 0x00007ffbadc27000 	C:\WINDOWS\SYSTEM32\CRYPTSP.dll
0x00007ffbae2d0000 - 0x00007ffbae2f8000 	C:\WINDOWS\SYSTEM32\bcrypt.dll
0x00007ffbad860000 - 0x00007ffbad893000 	C:\WINDOWS\system32\rsaenh.dll
0x00007ffbad990000 - 0x00007ffbad9af000 	C:\WINDOWS\SYSTEM32\USERENV.dll
0x00007ffbae160000 - 0x00007ffbae1cb000 	C:\WINDOWS\system32\bcryptprimitives.dll
0x00007ffbadd60000 - 0x00007ffbadd6b000 	C:\WINDOWS\SYSTEM32\CRYPTBASE.dll
0x00007ffbac3c0000 - 0x00007ffbac3f8000 	C:\WINDOWS\SYSTEM32\IPHLPAPI.DLL
0x00007ffbac2d0000 - 0x00007ffbac2db000 	C:\WINDOWS\SYSTEM32\WINNSI.DLL
0x00007ffbab250000 - 0x00007ffbab266000 	C:\WINDOWS\SYSTEM32\dhcpcsvc6.DLL
0x00007ffbab210000 - 0x00007ffbab22a000 	C:\WINDOWS\SYSTEM32\dhcpcsvc.DLL
0x00007ffba3160000 - 0x00007ffba3184000 	D:\Program Files\Android\Android Studio\jre\jre\bin\sunec.dll
0x00007ffbad9b0000 - 0x00007ffbada58000 	C:\WINDOWS\SYSTEM32\DNSAPI.dll
0x00007ffba56d0000 - 0x00007ffba56da000 	C:\Windows\System32\rasadhlp.dll
0x00007ffbaac00000 - 0x00007ffbaac68000 	C:\WINDOWS\System32\fwpuclnt.dll
0x00007ffbaca60000 - 0x00007ffbaca6b000 	D:\Program Files\Android\Android Studio\jre\jre\bin\sunmscapi.dll
0x00007ffbaee70000 - 0x00007ffbaf031000 	C:\WINDOWS\system32\CRYPT32.dll
0x00007ffbae420000 - 0x00007ffbae431000 	C:\WINDOWS\system32\MSASN1.dll
0x00007ffb90600000 - 0x00007ffb90796000 	D:\Program Files\Android\Android Studio\jre\jre\bin\awt.dll
0x00007ffbaf420000 - 0x00007ffbaf4de000 	C:\WINDOWS\system32\OLEAUT32.dll
0x00007ffba7300000 - 0x00007ffba7845000 	C:\WINDOWS\SYSTEM32\d2d1.dll
0x00007ffbacaf0000 - 0x00007ffbacb68000 	C:\WINDOWS\system32\apphelp.dll
0x00007ffbac130000 - 0x00007ffbac152000 	C:\WINDOWS\system32\DWMAPI.DLL
0x00007ffbacc00000 - 0x00007ffbacc96000 	C:\WINDOWS\system32\uxtheme.dll

VM Arguments:
jvm_args: -Xmx1536m -Dfile.encoding=windows-1252 -Duser.country=ES -Duser.language=es -Duser.variant 
java_command: org.gradle.launcher.daemon.bootstrap.GradleDaemon 4.4
java_class_path (initial): C:\Users\guard\.gradle\wrapper\dists\gradle-4.4-all\9br9xq1tocpiv8o6njlyu5op1\gradle-4.4\lib\gradle-launcher-4.4.jar
Launcher Type: SUN_STANDARD

Environment Variables:
JAVA_HOME=C:\Program Files\Java\jdk1.8.0_11
PATH=C:\Program Files (x86)\Common Files\Oracle\Java\javapath;d:\ProgramData\Anaconda3;d:\ProgramData\Anaconda3\Library\mingw-w64\bin;d:\ProgramData\Anaconda3\Library\usr\bin;d:\ProgramData\Anaconda3\Library\bin;d:\ProgramData\Anaconda3\Scripts;C:\ProgramData\Oracle\Java\javapath;C:\Program Files (x86)\NVIDIA Corporation\PhysX\Common;C:\WINDOWS\system32;C:\WINDOWS;C:\WINDOWS\System32\Wbem;C:\WINDOWS\System32\WindowsPowerShell\v1.0\;C:\Program Files (x86)\ATI Technologies\ATI.ACE\Core-Static;C:\Program Files (x86)\Windows Live\Shared;C:\Program Files\Git\cmd;C:\Program Files\Git\mingw64\bin;C:\Program Files\Git\usr\bin;C:\Program Files\Microsoft VS Code\bin;C:\Users\guard\AppData\Local\Programs\MiKTeX 2.9\miktex\bin\x64\
USERNAME=guard
OS=Windows_NT
PROCESSOR_IDENTIFIER=AMD64 Family 21 Model 2 Stepping 0, AuthenticAMD



---------------  S Y S T E M  ---------------

OS: Windows 10.0 , 64 bit Build 10240 (10.0.10240.16384)

CPU:total 6 (initial active 6) (6 cores per cpu, 1 threads per core) family 21 model 2 stepping 0, cmov, cx8, fxsr, mmx, sse, sse2, sse3, ssse3, sse4.1, sse4.2, popcnt, avx, aes, clmul, mmxext, 3dnowpref, lzcnt, sse4a, tsc, tscinvbit, tscinv, bmi1

Memory: 4k page, physical 4177136k(238772k free), swap 4177136k(5812k free)

vm_info: OpenJDK 64-Bit Server VM (25.152-b02) for windows-amd64 JRE (1.8.0_152-release-1024-b02), built by "builder" with MS VC++ 10.0 (VS2010)

time: Tue Aug 28 12:32:47 2018
elapsed time: 546 seconds (0d 0h 9m 6s)

